<?xml version="1.0" encoding="UTF-8"?>
<!-- Generated by org.testng.reporters.JUnitXMLReporter -->
<testsuite hostname="RSLPTP862" ignored="2" name="Test" tests="4" failures="0" timestamp="12 Mar 2019 12:04:08 GMT" time="0.084" errors="0">
  <testcase name="Test1" time="0.037" classname="JavaProgram9.RegularExpressionTestNGDemo"/>
  <testcase name="Test2" time="0.002" classname="JavaProgram9.RegularExpressionTestNGDemo"/>
  <testcase name="test1" time="0.002" classname="JavaProgram9.RegularExpressionTestNGDemo"/>
  <testcase name="test2" time="0.001" classname="JavaProgram9.RegularExpressionTestNGDemo"/>
  <testcase name="method1" time="0.0" classname="JavaProgram9.RegularExpressionTestNGDemo">
    <ignored/>
  </testcase> <!-- method1 -->
  <testcase name="method2" time="0.0" classname="JavaProgram9.RegularExpressionTestNGDemo">
    <ignored/>
  </testcase> <!-- method2 -->
</testsuite> <!-- Test -->
