<?xml version="1.0" encoding="UTF-8"?>
<!-- Generated by org.testng.reporters.JUnitXMLReporter -->
<testsuite hostname="RSLPTP862" ignored="1" name="TestNGListenerDemo" tests="7" failures="1" timestamp="15 Feb 2019 10:29:05 GMT" time="133.389" errors="0">
  <testcase name="test1" time="0.135" classname="Selenium1.TestNGListenerDemoMainClass"/>
  <testcase name="test5" time="0.003" classname="Selenium1.TestNGListenerDemoMainClass">
    <failure type="junit.framework.AssertionFailedError">
      <![CDATA[junit.framework.AssertionFailedError
at junit.framework.Assert.fail(Assert.java:47)
at junit.framework.Assert.assertTrue(Assert.java:20)
at junit.framework.Assert.assertTrue(Assert.java:27)
at Selenium1.TestNGListenerDemoMainClass.test5(TestNGListenerDemoMainClass.java:65)
... Removed 25 stack frames]]>
    </failure>
  </testcase> <!-- test5 -->
  <testcase name="test2" time="0.006" classname="Selenium1.TestNGListenerDemoMainClass"/>
  <testcase name="test3" time="0.001" classname="Selenium1.TestNGListenerDemoMainClass"/>
  <testcase name="test4" time="0.001" classname="Selenium1.TestNGListenerDemoMainClass">
    <skipped/>
  </testcase> <!-- test4 -->
  <testcase name="test8" time="0.002" classname="Selenium1.TestNGListenerDemoMainClass">
    <skipped/>
  </testcase> <!-- test8 -->
  <testcase name="test7" time="0.0" classname="Selenium1.TestNGListenerDemoMainClass">
    <skipped/>
  </testcase> <!-- test7 -->
  <testcase name="test6" time="0.0" classname="Selenium1.TestNGListenerDemoMainClass">
    <ignored/>
  </testcase> <!-- test6 -->
</testsuite> <!-- TestNGListenerDemo -->
