<?xml version="1.0" encoding="UTF-8"?>
<!-- Generated by org.testng.reporters.JUnitXMLReporter -->
<testsuite hostname="RSLPTP862" ignored="0" name="Default test" tests="6" failures="0" timestamp="12 Mar 2019 11:57:00 GMT" time="0.172" errors="0">
  <testcase name="Test1" time="0.01" classname="JavaProgram9.RegularExpressionTestNGDemo"/>
  <testcase name="Test2" time="0.002" classname="JavaProgram9.RegularExpressionTestNGDemo"/>
  <testcase name="method1" time="0.001" classname="JavaProgram9.RegularExpressionTestNGDemo"/>
  <testcase name="method2" time="0.001" classname="JavaProgram9.RegularExpressionTestNGDemo"/>
  <testcase name="test1" time="0.001" classname="JavaProgram9.RegularExpressionTestNGDemo"/>
  <testcase name="test2" time="0.001" classname="JavaProgram9.RegularExpressionTestNGDemo"/>
</testsuite> <!-- Default test -->
