<?xml version="1.0" encoding="UTF-8"?>
<testng-results skipped="0" failed="0" ignored="2" total="6" passed="4">
  <reporter-output>
  </reporter-output>
  <suite name="Suite" duration-ms="84" started-at="2019-03-12T12:04:08Z" finished-at="2019-03-12T12:04:08Z">
    <groups>
    </groups>
    <test name="Test" duration-ms="84" started-at="2019-03-12T12:04:08Z" finished-at="2019-03-12T12:04:08Z">
      <class name="JavaProgram9.RegularExpressionTestNGDemo">
        <test-method status="PASS" signature="Test1()[pri:0, instance:JavaProgram9.RegularExpressionTestNGDemo@6a41eaa2]" name="Test1" duration-ms="37" started-at="2019-03-12T12:04:08Z" finished-at="2019-03-12T12:04:08Z">
          <reporter-output>
          </reporter-output>
        </test-method> <!-- Test1 -->
        <test-method status="PASS" signature="Test2()[pri:0, instance:JavaProgram9.RegularExpressionTestNGDemo@6a41eaa2]" name="Test2" duration-ms="2" started-at="2019-03-12T12:04:08Z" finished-at="2019-03-12T12:04:08Z">
          <reporter-output>
          </reporter-output>
        </test-method> <!-- Test2 -->
        <test-method status="PASS" signature="test1()[pri:0, instance:JavaProgram9.RegularExpressionTestNGDemo@6a41eaa2]" name="test1" duration-ms="2" started-at="2019-03-12T12:04:08Z" finished-at="2019-03-12T12:04:08Z">
          <reporter-output>
          </reporter-output>
        </test-method> <!-- test1 -->
        <test-method status="PASS" signature="test2()[pri:0, instance:JavaProgram9.RegularExpressionTestNGDemo@6a41eaa2]" name="test2" duration-ms="1" started-at="2019-03-12T12:04:08Z" finished-at="2019-03-12T12:04:08Z">
          <reporter-output>
          </reporter-output>
        </test-method> <!-- test2 -->
      </class> <!-- JavaProgram9.RegularExpressionTestNGDemo -->
    </test> <!-- Test -->
  </suite> <!-- Suite -->
</testng-results>
