<?xml version="1.0" encoding="UTF-8"?>
<!-- Generated by org.testng.reporters.JUnitXMLReporter -->
<testsuite hostname="RSLPTP862" ignored="0" name="Test" tests="5" failures="2" timestamp="04 Mar 2019 15:55:57 GMT" time="0.124" errors="0">
  <testcase name="test1" time="0.037" classname="JavaProgram8.ListenerAddedtestCases"/>
  <testcase name="test2" time="0.003" classname="JavaProgram8.ListenerAddedtestCases">
    <failure type="java.lang.AssertionError" message="expected [true] but found [false]">
      <![CDATA[java.lang.AssertionError: expected [true] but found [false]
at JavaProgram8.ListenerAddedtestCases.test2(ListenerAddedtestCases.java:18)
... Removed 29 stack frames]]>
    </failure>
  </testcase> <!-- test2 -->
  <testcase name="test3" time="0.001" classname="JavaProgram8.ListenerAddedtestCases"/>
  <testcase name="test4" time="0.002" classname="JavaProgram8.ListenerAddedtestCases">
    <skipped/>
  </testcase> <!-- test4 -->
  <testcase name="test5" time="0.002" classname="JavaProgram8.ListenerAddedtestCases">
    <failure type="java.lang.AssertionError" message="expected [true] but found [false]">
      <![CDATA[java.lang.AssertionError: expected [true] but found [false]
at JavaProgram8.ListenerAddedtestCases.test5(ListenerAddedtestCases.java:36)
... Removed 29 stack frames]]>
    </failure>
  </testcase> <!-- test5 -->
</testsuite> <!-- Test -->
